<?xml version="1.0" encoding="UTF-8"?>
<testsuite name="com.immortalwrt.manager.NoWifiGuardTest" tests="4" skipped="0" failures="0" errors="0" timestamp="2026-05-21T04:51:02" hostname="Dell-Precision-7530" time="0.021">
  <properties/>
  <testcase name="noUbiWifiMethodsExposed" classname="com.immortalwrt.manager.NoWifiGuardTest" time="0.019"/>
  <testcase name="noWifiFilesExist" classname="com.immortalwrt.manager.NoWifiGuardTest" time="0.001"/>
  <testcase name="noWifiCodeInSourceFiles" classname="com.immortalwrt.manager.NoWifiGuardTest" time="0.001"/>
  <testcase name="noWifiImportsOrDependencies" classname="com.immortalwrt.manager.NoWifiGuardTest" time="0.0"/>
  <system-out><![CDATA[]]></system-out>
  <system-err><![CDATA[]]></system-err>
</testsuite>
